android/app/lint/intermediates/manifest_merge_blame_file/debug/manifest-merger-blame-debug-report.txt
1<?xml version="1.0" encoding="utf-8"?>
2<manifest xmlns:android="http://schemas.android.com/apk/res/android"
3    package="clientleger.faismoiundessin"
4    android:versionCode="1"
5    android:versionName="1.0" >
6
7    <uses-sdk
8        android:minSdkVersion="21"
8-->src\main\AndroidManifest.xml
9        android:targetSdkVersion="30" />
9-->src\main\AndroidManifest.xml
10
11    <uses-permission android:name="android.permission.INTERNET" />
11-->src\main\AndroidManifest.xml:5:5-67
11-->src\main\AndroidManifest.xml:5:22-64
12
13    <supports-screens
13-->src\main\AndroidManifest.xml:7:5-12:39
14        android:anyDensity="true"
14-->src\main\AndroidManifest.xml:8:9-34
15        android:largeScreens="true"
15-->src\main\AndroidManifest.xml:9:9-36
16        android:normalScreens="true"
16-->src\main\AndroidManifest.xml:10:9-37
17        android:resizeable="true"
17-->src\main\AndroidManifest.xml:11:9-34
18        android:smallScreens="true" />
18-->src\main\AndroidManifest.xml:12:9-36
19
20    <application
20-->src\main\AndroidManifest.xml:14:5-58:19
21        android:allowBackup="true"
21-->src\main\AndroidManifest.xml:16:9-35
22        android:appComponentFactory="androidx.core.app.CoreComponentFactory"
22-->[androidx.core:core:1.2.0] AndroidManifest.xml:24:18-86
23        android:debuggable="true"
24        android:label="@string/app_name"
24-->src\main\AndroidManifest.xml:17:9-41
25        android:theme="@style/Theme.AppCompat.Light"
25-->src\main\AndroidManifest.xml:18:9-53
26        android:usesCleartextTraffic="true" >
26-->src\main\AndroidManifest.xml:15:9-44
27        <activity
27-->src\main\AndroidManifest.xml:19:9-27:20
28            android:name="clientleger.faismoiundessin.MainMenuActivity"
28-->src\main\AndroidManifest.xml:20:13-72
29            android:configChanges="keyboard|keyboardHidden|orientation"
29-->src\main\AndroidManifest.xml:21:13-72
30            android:theme="@android:style/Theme.DeviceDefault.Light.NoActionBar.Fullscreen" >
30-->src\main\AndroidManifest.xml:22:13-92
31            <intent-filter>
31-->src\main\AndroidManifest.xml:23:13-26:29
32                <action android:name="android.intent.action.SEND" />
32-->src\main\AndroidManifest.xml:24:17-69
32-->src\main\AndroidManifest.xml:24:25-66
33
34                <category android:name="android.intent.category.DEFAULT" />
34-->src\main\AndroidManifest.xml:25:17-76
34-->src\main\AndroidManifest.xml:25:27-73
35            </intent-filter>
36        </activity>
37        <activity
37-->src\main\AndroidManifest.xml:28:9-36:20
38            android:name="clientleger.faismoiundessin.DrawActivity"
38-->src\main\AndroidManifest.xml:29:13-68
39            android:launchMode="singleTop" >
39-->src\main\AndroidManifest.xml:30:13-43
40            <intent-filter>
40-->src\main\AndroidManifest.xml:31:13-35:29
41                <action android:name="android.intent.action.SEND" />
41-->src\main\AndroidManifest.xml:24:17-69
41-->src\main\AndroidManifest.xml:24:25-66
42
43                <category android:name="android.intent.category.DEFAULT" />
43-->src\main\AndroidManifest.xml:25:17-76
43-->src\main\AndroidManifest.xml:25:27-73
44
45                <data android:mimeType="image/*" />
45-->src\main\AndroidManifest.xml:34:17-52
45-->src\main\AndroidManifest.xml:34:23-49
46            </intent-filter>
47        </activity>
48        <activity android:name="clientleger.faismoiundessin.ui.activities.LoginActivity" >
48-->src\main\AndroidManifest.xml:37:9-43:20
48-->src\main\AndroidManifest.xml:38:13-69
49            <intent-filter>
49-->src\main\AndroidManifest.xml:39:13-42:29
50                <action android:name="android.intent.action.MAIN" />
50-->src\main\AndroidManifest.xml:40:17-69
50-->src\main\AndroidManifest.xml:40:25-66
51
52                <category android:name="android.intent.category.LAUNCHER" />
52-->src\main\AndroidManifest.xml:41:17-77
52-->src\main\AndroidManifest.xml:41:27-74
53            </intent-filter>
54        </activity>
55        <activity android:name="clientleger.faismoiundessin.ui.activities.RegisterActivity" >
55-->src\main\AndroidManifest.xml:44:9-50:20
55-->src\main\AndroidManifest.xml:45:13-72
56            <intent-filter>
56-->src\main\AndroidManifest.xml:23:13-26:29
57                <action android:name="android.intent.action.SEND" />
57-->src\main\AndroidManifest.xml:24:17-69
57-->src\main\AndroidManifest.xml:24:25-66
58
59                <category android:name="android.intent.category.DEFAULT" />
59-->src\main\AndroidManifest.xml:25:17-76
59-->src\main\AndroidManifest.xml:25:27-73
60            </intent-filter>
61        </activity>
62        <activity android:name="clientleger.faismoiundessin.ChatActivity" >
62-->src\main\AndroidManifest.xml:51:9-57:20
62-->src\main\AndroidManifest.xml:51:19-74
63            <intent-filter>
63-->src\main\AndroidManifest.xml:23:13-26:29
64                <action android:name="android.intent.action.SEND" />
64-->src\main\AndroidManifest.xml:24:17-69
64-->src\main\AndroidManifest.xml:24:25-66
65
66                <category android:name="android.intent.category.DEFAULT" />
66-->src\main\AndroidManifest.xml:25:17-76
66-->src\main\AndroidManifest.xml:25:27-73
67            </intent-filter>
68        </activity>
69    </application>
70
71</manifest>